<?xml version="1.0" encoding="UTF-8"?>
<!-- Generated by org.testng.reporters.JUnitXMLReporter -->
<testsuite ignored="0" hostname="LAPTOP-F246G6RU" failures="0" tests="3" name="Default test" time="2.475" errors="0" timestamp="2024-02-07T11:31:13 SGT">
  <testcase classname="Dailytesting.DataParameterisation" name="addBook" time="2.022"/>
  <testcase classname="Dailytesting.DataParameterisation" name="addBook" time="0.204"/>
  <testcase classname="Dailytesting.DataParameterisation" name="addBook" time="0.205"/>
</testsuite> <!-- Default test -->
